Copyright 1986-2022 Xilinx, Inc. All Rights Reserved. Copyright 2022-2023 Advanced Micro Devices, Inc. All Rights Reserved.
------------------------------------------------------------------------------------------------------------------------------------------------------------------------------------------------------------------------------
| Tool Version : Vivado v.2023.1 (win64) Build 3865809 Sun May  7 15:05:29 MDT 2023
| Date         : Tue Jul 18 11:52:22 2023
| Host         : ojaslaptop running 64-bit major release  (build 9200)
| Command      : report_timing_summary -max_paths 10 -report_unconstrained -file TopLevelRMM_timing_summary_routed.rpt -pb TopLevelRMM_timing_summary_routed.pb -rpx TopLevelRMM_timing_summary_routed.rpx -warn_on_violation
| Design       : TopLevelRMM
| Device       : 7a35t-cpg236
| Speed File   : -2  PRODUCTION 1.23 2018-06-13
| Design State : Routed
------------------------------------------------------------------------------------------------------------------------------------------------------------------------------------------------------------------------------

Timing Summary Report

------------------------------------------------------------------------------------------------
| Timer Settings
| --------------
------------------------------------------------------------------------------------------------

  Enable Multi Corner Analysis               :  Yes
  Enable Pessimism Removal                   :  Yes
  Pessimism Removal Resolution               :  Nearest Common Node
  Enable Input Delay Default Clock           :  No
  Enable Preset / Clear Arcs                 :  No
  Disable Flight Delays                      :  No
  Ignore I/O Paths                           :  No
  Timing Early Launch at Borrowing Latches   :  No
  Borrow Time for Max Delay Exceptions       :  Yes
  Merge Timing Exceptions                    :  Yes

  Corner  Analyze    Analyze    
  Name    Max Paths  Min Paths  
  ------  ---------  ---------  
  Slow    Yes        Yes        
  Fast    Yes        Yes        


------------------------------------------------------------------------------------------------
| Report Methodology
| ------------------
------------------------------------------------------------------------------------------------

Rule       Severity          Description                  Violations  
---------  ----------------  ---------------------------  ----------  
TIMING-17  Critical Warning  Non-clocked sequential cell  99          

Note: This report is based on the most recent report_methodology run and may not be up-to-date. Run report_methodology on the current design for the latest report.



check_timing report

Table of Contents
-----------------
1. checking no_clock (99)
2. checking constant_clock (0)
3. checking pulse_width_clock (0)
4. checking unconstrained_internal_endpoints (296)
5. checking no_input_delay (2)
6. checking no_output_delay (1)
7. checking multiple_clock (0)
8. checking generated_clocks (0)
9. checking loops (0)
10. checking partial_input_delay (0)
11. checking partial_output_delay (0)
12. checking latch_loops (0)

1. checking no_clock (99)
-------------------------
 There are 99 register/latch pins with no clock driven by root clock pin: clk (HIGH)


2. checking constant_clock (0)
------------------------------
 There are 0 register/latch pins with constant_clock.


3. checking pulse_width_clock (0)
---------------------------------
 There are 0 register/latch pins which need pulse_width check


4. checking unconstrained_internal_endpoints (296)
--------------------------------------------------
 There are 296 pins that are not constrained for maximum delay. (HIGH)

 There are 0 pins that are not constrained for maximum delay due to constant clock.


5. checking no_input_delay (2)
------------------------------
 There are 2 input ports with no input delay specified. (HIGH)

 There are 0 input ports with no input delay but user has a false path constraint.


6. checking no_output_delay (1)
-------------------------------
 There is 1 port with no output delay specified. (HIGH)

 There are 0 ports with no output delay but user has a false path constraint

 There are 0 ports with no output delay but with a timing clock defined on it or propagating through it


7. checking multiple_clock (0)
------------------------------
 There are 0 register/latch pins with multiple clocks.


8. checking generated_clocks (0)
--------------------------------
 There are 0 generated clocks that are not connected to a clock source.


9. checking loops (0)
---------------------
 There are 0 combinational loops in the design.


10. checking partial_input_delay (0)
------------------------------------
 There are 0 input ports with partial input delay specified.


11. checking partial_output_delay (0)
-------------------------------------
 There are 0 ports with partial output delay specified.


12. checking latch_loops (0)
----------------------------
 There are 0 combinational latch loops in the design through latch input



------------------------------------------------------------------------------------------------
| Design Timing Summary
| ---------------------
------------------------------------------------------------------------------------------------

    WNS(ns)      TNS(ns)  TNS Failing Endpoints  TNS Total Endpoints      WHS(ns)      THS(ns)  THS Failing Endpoints  THS Total Endpoints     WPWS(ns)     TPWS(ns)  TPWS Failing Endpoints  TPWS Total Endpoints  
    -------      -------  ---------------------  -------------------      -------      -------  ---------------------  -------------------     --------     --------  ----------------------  --------------------  
        inf        0.000                      0                  297          inf        0.000                      0                  297           NA           NA                      NA                    NA  


There are no user specified timing constraints.


------------------------------------------------------------------------------------------------
| Clock Summary
| -------------
------------------------------------------------------------------------------------------------


------------------------------------------------------------------------------------------------
| Intra Clock Table
| -----------------
------------------------------------------------------------------------------------------------

Clock             WNS(ns)      TNS(ns)  TNS Failing Endpoints  TNS Total Endpoints      WHS(ns)      THS(ns)  THS Failing Endpoints  THS Total Endpoints     WPWS(ns)     TPWS(ns)  TPWS Failing Endpoints  TPWS Total Endpoints  
-----             -------      -------  ---------------------  -------------------      -------      -------  ---------------------  -------------------     --------     --------  ----------------------  --------------------  


------------------------------------------------------------------------------------------------
| Inter Clock Table
| -----------------
------------------------------------------------------------------------------------------------

From Clock    To Clock          WNS(ns)      TNS(ns)  TNS Failing Endpoints  TNS Total Endpoints      WHS(ns)      THS(ns)  THS Failing Endpoints  THS Total Endpoints  
----------    --------          -------      -------  ---------------------  -------------------      -------      -------  ---------------------  -------------------  


------------------------------------------------------------------------------------------------
| Other Path Groups Table
| -----------------------
------------------------------------------------------------------------------------------------

Path Group    From Clock    To Clock          WNS(ns)      TNS(ns)  TNS Failing Endpoints  TNS Total Endpoints      WHS(ns)      THS(ns)  THS Failing Endpoints  THS Total Endpoints  
----------    ----------    --------          -------      -------  ---------------------  -------------------      -------      -------  ---------------------  -------------------  


------------------------------------------------------------------------------------------------
| User Ignored Path Table
| -----------------------
------------------------------------------------------------------------------------------------

Path Group    From Clock    To Clock    
----------    ----------    --------    


------------------------------------------------------------------------------------------------
| Unconstrained Path Table
| ------------------------
------------------------------------------------------------------------------------------------

Path Group    From Clock    To Clock    
----------    ----------    --------    
(none)                                    


------------------------------------------------------------------------------------------------
| Timing Details
| --------------
------------------------------------------------------------------------------------------------


--------------------------------------------------------------------------------------
Path Group:  (none)
From Clock:  
  To Clock:  

Max Delay           297 Endpoints
Min Delay           297 Endpoints
--------------------------------------------------------------------------------------


Max Delay Paths
--------------------------------------------------------------------------------------
Slack:                    inf
  Source:                 RMM/k_reg[3]/C
                            (rising edge-triggered cell FDCE)
  Destination:            RMM/j_reg[26]/CE
  Path Group:             (none)
  Path Type:              Max at Slow Process Corner
  Data Path Delay:        4.480ns  (logic 0.748ns (16.696%)  route 3.732ns (83.304%))
  Logic Levels:           4  (FDCE=1 LUT4=1 LUT6=2)

    Location             Delay type                Incr(ns)  Path(ns)    Netlist Resource(s)
  -------------------------------------------------------------------    -------------------
    SLICE_X6Y1           FDCE                         0.000     0.000 r  RMM/k_reg[3]/C
    SLICE_X6Y1           FDCE (Prop_fdce_C_Q)         0.433     0.433 r  RMM/k_reg[3]/Q
                         net (fo=2, routed)           0.720     1.153    RMM/k_reg_n_0_[3]
    SLICE_X6Y1           LUT6 (Prop_lut6_I5_O)        0.105     1.258 f  RMM/k[31]_i_10/O
                         net (fo=1, routed)           0.877     2.135    RMM/k[31]_i_10_n_0
    SLICE_X6Y4           LUT6 (Prop_lut6_I5_O)        0.105     2.240 r  RMM/k[31]_i_3/O
                         net (fo=35, routed)          1.258     3.498    RMM/k[31]_i_3_n_0
    SLICE_X3Y1           LUT4 (Prop_lut4_I2_O)        0.105     3.603 r  RMM/j[31]_i_1/O
                         net (fo=32, routed)          0.877     4.480    RMM/j
    SLICE_X1Y6           FDCE                                         r  RMM/j_reg[26]/CE
  -------------------------------------------------------------------    -------------------

Slack:                    inf
  Source:                 RMM/k_reg[3]/C
                            (rising edge-triggered cell FDCE)
  Destination:            RMM/j_reg[27]/CE
  Path Group:             (none)
  Path Type:              Max at Slow Process Corner
  Data Path Delay:        4.480ns  (logic 0.748ns (16.696%)  route 3.732ns (83.304%))
  Logic Levels:           4  (FDCE=1 LUT4=1 LUT6=2)

    Location             Delay type                Incr(ns)  Path(ns)    Netlist Resource(s)
  -------------------------------------------------------------------    -------------------
    SLICE_X6Y1           FDCE                         0.000     0.000 r  RMM/k_reg[3]/C
    SLICE_X6Y1           FDCE (Prop_fdce_C_Q)         0.433     0.433 r  RMM/k_reg[3]/Q
                         net (fo=2, routed)           0.720     1.153    RMM/k_reg_n_0_[3]
    SLICE_X6Y1           LUT6 (Prop_lut6_I5_O)        0.105     1.258 f  RMM/k[31]_i_10/O
                         net (fo=1, routed)           0.877     2.135    RMM/k[31]_i_10_n_0
    SLICE_X6Y4           LUT6 (Prop_lut6_I5_O)        0.105     2.240 r  RMM/k[31]_i_3/O
                         net (fo=35, routed)          1.258     3.498    RMM/k[31]_i_3_n_0
    SLICE_X3Y1           LUT4 (Prop_lut4_I2_O)        0.105     3.603 r  RMM/j[31]_i_1/O
                         net (fo=32, routed)          0.877     4.480    RMM/j
    SLICE_X1Y6           FDCE                                         r  RMM/j_reg[27]/CE
  -------------------------------------------------------------------    -------------------

Slack:                    inf
  Source:                 RMM/k_reg[3]/C
                            (rising edge-triggered cell FDCE)
  Destination:            RMM/j_reg[28]/CE
  Path Group:             (none)
  Path Type:              Max at Slow Process Corner
  Data Path Delay:        4.480ns  (logic 0.748ns (16.696%)  route 3.732ns (83.304%))
  Logic Levels:           4  (FDCE=1 LUT4=1 LUT6=2)

    Location             Delay type                Incr(ns)  Path(ns)    Netlist Resource(s)
  -------------------------------------------------------------------    -------------------
    SLICE_X6Y1           FDCE                         0.000     0.000 r  RMM/k_reg[3]/C
    SLICE_X6Y1           FDCE (Prop_fdce_C_Q)         0.433     0.433 r  RMM/k_reg[3]/Q
                         net (fo=2, routed)           0.720     1.153    RMM/k_reg_n_0_[3]
    SLICE_X6Y1           LUT6 (Prop_lut6_I5_O)        0.105     1.258 f  RMM/k[31]_i_10/O
                         net (fo=1, routed)           0.877     2.135    RMM/k[31]_i_10_n_0
    SLICE_X6Y4           LUT6 (Prop_lut6_I5_O)        0.105     2.240 r  RMM/k[31]_i_3/O
                         net (fo=35, routed)          1.258     3.498    RMM/k[31]_i_3_n_0
    SLICE_X3Y1           LUT4 (Prop_lut4_I2_O)        0.105     3.603 r  RMM/j[31]_i_1/O
                         net (fo=32, routed)          0.877     4.480    RMM/j
    SLICE_X1Y6           FDCE                                         r  RMM/j_reg[28]/CE
  -------------------------------------------------------------------    -------------------

Slack:                    inf
  Source:                 RMM/k_reg[3]/C
                            (rising edge-triggered cell FDCE)
  Destination:            RMM/j_reg[29]/CE
  Path Group:             (none)
  Path Type:              Max at Slow Process Corner
  Data Path Delay:        4.480ns  (logic 0.748ns (16.696%)  route 3.732ns (83.304%))
  Logic Levels:           4  (FDCE=1 LUT4=1 LUT6=2)

    Location             Delay type                Incr(ns)  Path(ns)    Netlist Resource(s)
  -------------------------------------------------------------------    -------------------
    SLICE_X6Y1           FDCE                         0.000     0.000 r  RMM/k_reg[3]/C
    SLICE_X6Y1           FDCE (Prop_fdce_C_Q)         0.433     0.433 r  RMM/k_reg[3]/Q
                         net (fo=2, routed)           0.720     1.153    RMM/k_reg_n_0_[3]
    SLICE_X6Y1           LUT6 (Prop_lut6_I5_O)        0.105     1.258 f  RMM/k[31]_i_10/O
                         net (fo=1, routed)           0.877     2.135    RMM/k[31]_i_10_n_0
    SLICE_X6Y4           LUT6 (Prop_lut6_I5_O)        0.105     2.240 r  RMM/k[31]_i_3/O
                         net (fo=35, routed)          1.258     3.498    RMM/k[31]_i_3_n_0
    SLICE_X3Y1           LUT4 (Prop_lut4_I2_O)        0.105     3.603 r  RMM/j[31]_i_1/O
                         net (fo=32, routed)          0.877     4.480    RMM/j
    SLICE_X1Y6           FDCE                                         r  RMM/j_reg[29]/CE
  -------------------------------------------------------------------    -------------------

Slack:                    inf
  Source:                 RMM/k_reg[3]/C
                            (rising edge-triggered cell FDCE)
  Destination:            RMM/j_reg[30]/CE
  Path Group:             (none)
  Path Type:              Max at Slow Process Corner
  Data Path Delay:        4.480ns  (logic 0.748ns (16.696%)  route 3.732ns (83.304%))
  Logic Levels:           4  (FDCE=1 LUT4=1 LUT6=2)

    Location             Delay type                Incr(ns)  Path(ns)    Netlist Resource(s)
  -------------------------------------------------------------------    -------------------
    SLICE_X6Y1           FDCE                         0.000     0.000 r  RMM/k_reg[3]/C
    SLICE_X6Y1           FDCE (Prop_fdce_C_Q)         0.433     0.433 r  RMM/k_reg[3]/Q
                         net (fo=2, routed)           0.720     1.153    RMM/k_reg_n_0_[3]
    SLICE_X6Y1           LUT6 (Prop_lut6_I5_O)        0.105     1.258 f  RMM/k[31]_i_10/O
                         net (fo=1, routed)           0.877     2.135    RMM/k[31]_i_10_n_0
    SLICE_X6Y4           LUT6 (Prop_lut6_I5_O)        0.105     2.240 r  RMM/k[31]_i_3/O
                         net (fo=35, routed)          1.258     3.498    RMM/k[31]_i_3_n_0
    SLICE_X3Y1           LUT4 (Prop_lut4_I2_O)        0.105     3.603 r  RMM/j[31]_i_1/O
                         net (fo=32, routed)          0.877     4.480    RMM/j
    SLICE_X1Y6           FDCE                                         r  RMM/j_reg[30]/CE
  -------------------------------------------------------------------    -------------------

Slack:                    inf
  Source:                 RMM/k_reg[3]/C
                            (rising edge-triggered cell FDCE)
  Destination:            RMM/j_reg[31]/CE
  Path Group:             (none)
  Path Type:              Max at Slow Process Corner
  Data Path Delay:        4.480ns  (logic 0.748ns (16.696%)  route 3.732ns (83.304%))
  Logic Levels:           4  (FDCE=1 LUT4=1 LUT6=2)

    Location             Delay type                Incr(ns)  Path(ns)    Netlist Resource(s)
  -------------------------------------------------------------------    -------------------
    SLICE_X6Y1           FDCE                         0.000     0.000 r  RMM/k_reg[3]/C
    SLICE_X6Y1           FDCE (Prop_fdce_C_Q)         0.433     0.433 r  RMM/k_reg[3]/Q
                         net (fo=2, routed)           0.720     1.153    RMM/k_reg_n_0_[3]
    SLICE_X6Y1           LUT6 (Prop_lut6_I5_O)        0.105     1.258 f  RMM/k[31]_i_10/O
                         net (fo=1, routed)           0.877     2.135    RMM/k[31]_i_10_n_0
    SLICE_X6Y4           LUT6 (Prop_lut6_I5_O)        0.105     2.240 r  RMM/k[31]_i_3/O
                         net (fo=35, routed)          1.258     3.498    RMM/k[31]_i_3_n_0
    SLICE_X3Y1           LUT4 (Prop_lut4_I2_O)        0.105     3.603 r  RMM/j[31]_i_1/O
                         net (fo=32, routed)          0.877     4.480    RMM/j
    SLICE_X1Y6           FDCE                                         r  RMM/j_reg[31]/CE
  -------------------------------------------------------------------    -------------------

Slack:                    inf
  Source:                 RMM/k_reg[3]/C
                            (rising edge-triggered cell FDCE)
  Destination:            RMM/j_reg[22]/CE
  Path Group:             (none)
  Path Type:              Max at Slow Process Corner
  Data Path Delay:        4.472ns  (logic 0.748ns (16.726%)  route 3.724ns (83.274%))
  Logic Levels:           4  (FDCE=1 LUT4=1 LUT6=2)

    Location             Delay type                Incr(ns)  Path(ns)    Netlist Resource(s)
  -------------------------------------------------------------------    -------------------
    SLICE_X6Y1           FDCE                         0.000     0.000 r  RMM/k_reg[3]/C
    SLICE_X6Y1           FDCE (Prop_fdce_C_Q)         0.433     0.433 r  RMM/k_reg[3]/Q
                         net (fo=2, routed)           0.720     1.153    RMM/k_reg_n_0_[3]
    SLICE_X6Y1           LUT6 (Prop_lut6_I5_O)        0.105     1.258 f  RMM/k[31]_i_10/O
                         net (fo=1, routed)           0.877     2.135    RMM/k[31]_i_10_n_0
    SLICE_X6Y4           LUT6 (Prop_lut6_I5_O)        0.105     2.240 r  RMM/k[31]_i_3/O
                         net (fo=35, routed)          1.258     3.498    RMM/k[31]_i_3_n_0
    SLICE_X3Y1           LUT4 (Prop_lut4_I2_O)        0.105     3.603 r  RMM/j[31]_i_1/O
                         net (fo=32, routed)          0.869     4.472    RMM/j
    SLICE_X1Y5           FDCE                                         r  RMM/j_reg[22]/CE
  -------------------------------------------------------------------    -------------------

Slack:                    inf
  Source:                 RMM/k_reg[3]/C
                            (rising edge-triggered cell FDCE)
  Destination:            RMM/j_reg[23]/CE
  Path Group:             (none)
  Path Type:              Max at Slow Process Corner
  Data Path Delay:        4.472ns  (logic 0.748ns (16.726%)  route 3.724ns (83.274%))
  Logic Levels:           4  (FDCE=1 LUT4=1 LUT6=2)

    Location             Delay type                Incr(ns)  Path(ns)    Netlist Resource(s)
  -------------------------------------------------------------------    -------------------
    SLICE_X6Y1           FDCE                         0.000     0.000 r  RMM/k_reg[3]/C
    SLICE_X6Y1           FDCE (Prop_fdce_C_Q)         0.433     0.433 r  RMM/k_reg[3]/Q
                         net (fo=2, routed)           0.720     1.153    RMM/k_reg_n_0_[3]
    SLICE_X6Y1           LUT6 (Prop_lut6_I5_O)        0.105     1.258 f  RMM/k[31]_i_10/O
                         net (fo=1, routed)           0.877     2.135    RMM/k[31]_i_10_n_0
    SLICE_X6Y4           LUT6 (Prop_lut6_I5_O)        0.105     2.240 r  RMM/k[31]_i_3/O
                         net (fo=35, routed)          1.258     3.498    RMM/k[31]_i_3_n_0
    SLICE_X3Y1           LUT4 (Prop_lut4_I2_O)        0.105     3.603 r  RMM/j[31]_i_1/O
                         net (fo=32, routed)          0.869     4.472    RMM/j
    SLICE_X1Y5           FDCE                                         r  RMM/j_reg[23]/CE
  -------------------------------------------------------------------    -------------------

Slack:                    inf
  Source:                 RMM/k_reg[3]/C
                            (rising edge-triggered cell FDCE)
  Destination:            RMM/j_reg[24]/CE
  Path Group:             (none)
  Path Type:              Max at Slow Process Corner
  Data Path Delay:        4.472ns  (logic 0.748ns (16.726%)  route 3.724ns (83.274%))
  Logic Levels:           4  (FDCE=1 LUT4=1 LUT6=2)

    Location             Delay type                Incr(ns)  Path(ns)    Netlist Resource(s)
  -------------------------------------------------------------------    -------------------
    SLICE_X6Y1           FDCE                         0.000     0.000 r  RMM/k_reg[3]/C
    SLICE_X6Y1           FDCE (Prop_fdce_C_Q)         0.433     0.433 r  RMM/k_reg[3]/Q
                         net (fo=2, routed)           0.720     1.153    RMM/k_reg_n_0_[3]
    SLICE_X6Y1           LUT6 (Prop_lut6_I5_O)        0.105     1.258 f  RMM/k[31]_i_10/O
                         net (fo=1, routed)           0.877     2.135    RMM/k[31]_i_10_n_0
    SLICE_X6Y4           LUT6 (Prop_lut6_I5_O)        0.105     2.240 r  RMM/k[31]_i_3/O
                         net (fo=35, routed)          1.258     3.498    RMM/k[31]_i_3_n_0
    SLICE_X3Y1           LUT4 (Prop_lut4_I2_O)        0.105     3.603 r  RMM/j[31]_i_1/O
                         net (fo=32, routed)          0.869     4.472    RMM/j
    SLICE_X1Y5           FDCE                                         r  RMM/j_reg[24]/CE
  -------------------------------------------------------------------    -------------------

Slack:                    inf
  Source:                 RMM/k_reg[3]/C
                            (rising edge-triggered cell FDCE)
  Destination:            RMM/j_reg[25]/CE
  Path Group:             (none)
  Path Type:              Max at Slow Process Corner
  Data Path Delay:        4.472ns  (logic 0.748ns (16.726%)  route 3.724ns (83.274%))
  Logic Levels:           4  (FDCE=1 LUT4=1 LUT6=2)

    Location             Delay type                Incr(ns)  Path(ns)    Netlist Resource(s)
  -------------------------------------------------------------------    -------------------
    SLICE_X6Y1           FDCE                         0.000     0.000 r  RMM/k_reg[3]/C
    SLICE_X6Y1           FDCE (Prop_fdce_C_Q)         0.433     0.433 r  RMM/k_reg[3]/Q
                         net (fo=2, routed)           0.720     1.153    RMM/k_reg_n_0_[3]
    SLICE_X6Y1           LUT6 (Prop_lut6_I5_O)        0.105     1.258 f  RMM/k[31]_i_10/O
                         net (fo=1, routed)           0.877     2.135    RMM/k[31]_i_10_n_0
    SLICE_X6Y4           LUT6 (Prop_lut6_I5_O)        0.105     2.240 r  RMM/k[31]_i_3/O
                         net (fo=35, routed)          1.258     3.498    RMM/k[31]_i_3_n_0
    SLICE_X3Y1           LUT4 (Prop_lut4_I2_O)        0.105     3.603 r  RMM/j[31]_i_1/O
                         net (fo=32, routed)          0.869     4.472    RMM/j
    SLICE_X1Y5           FDCE                                         r  RMM/j_reg[25]/CE
  -------------------------------------------------------------------    -------------------





Min Delay Paths
--------------------------------------------------------------------------------------
Slack:                    inf
  Source:                 RMM/j_reg[0]/C
                            (rising edge-triggered cell FDPE)
  Destination:            RMM/j_reg[0]/D
  Path Group:             (none)
  Path Type:              Min at Fast Process Corner
  Data Path Delay:        0.352ns  (logic 0.186ns (52.883%)  route 0.166ns (47.117%))
  Logic Levels:           2  (FDPE=1 LUT4=1)

    Location             Delay type                Incr(ns)  Path(ns)    Netlist Resource(s)
  -------------------------------------------------------------------    -------------------
    SLICE_X1Y0           FDPE                         0.000     0.000 r  RMM/j_reg[0]/C
    SLICE_X1Y0           FDPE (Prop_fdpe_C_Q)         0.141     0.141 f  RMM/j_reg[0]/Q
                         net (fo=3, routed)           0.166     0.307    RMM/j_reg_n_0_[0]
    SLICE_X1Y0           LUT4 (Prop_lut4_I0_O)        0.045     0.352 r  RMM/j[0]_i_1/O
                         net (fo=1, routed)           0.000     0.352    RMM/j[0]_i_1_n_0
    SLICE_X1Y0           FDPE                                         r  RMM/j_reg[0]/D
  -------------------------------------------------------------------    -------------------

Slack:                    inf
  Source:                 RMM/end_of_mult_reg/C
                            (rising edge-triggered cell FDCE)
  Destination:            RMM/i_reg[24]/D
  Path Group:             (none)
  Path Type:              Min at Fast Process Corner
  Data Path Delay:        0.355ns  (logic 0.186ns (52.322%)  route 0.169ns (47.678%))
  Logic Levels:           2  (FDCE=1 LUT4=1)

    Location             Delay type                Incr(ns)  Path(ns)    Netlist Resource(s)
  -------------------------------------------------------------------    -------------------
    SLICE_X4Y6           FDCE                         0.000     0.000 r  RMM/end_of_mult_reg/C
    SLICE_X4Y6           FDCE (Prop_fdce_C_Q)         0.141     0.141 f  RMM/end_of_mult_reg/Q
                         net (fo=69, routed)          0.169     0.310    RMM/end_of_mult
    SLICE_X3Y5           LUT4 (Prop_lut4_I0_O)        0.045     0.355 r  RMM/i[24]_i_1/O
                         net (fo=1, routed)           0.000     0.355    RMM/i[24]_i_1_n_0
    SLICE_X3Y5           FDCE                                         r  RMM/i_reg[24]/D
  -------------------------------------------------------------------    -------------------

Slack:                    inf
  Source:                 RMM/end_of_mult_reg/C
                            (rising edge-triggered cell FDCE)
  Destination:            RMM/i_reg[25]/D
  Path Group:             (none)
  Path Type:              Min at Fast Process Corner
  Data Path Delay:        0.359ns  (logic 0.190ns (52.853%)  route 0.169ns (47.147%))
  Logic Levels:           2  (FDCE=1 LUT4=1)

    Location             Delay type                Incr(ns)  Path(ns)    Netlist Resource(s)
  -------------------------------------------------------------------    -------------------
    SLICE_X4Y6           FDCE                         0.000     0.000 r  RMM/end_of_mult_reg/C
    SLICE_X4Y6           FDCE (Prop_fdce_C_Q)         0.141     0.141 f  RMM/end_of_mult_reg/Q
                         net (fo=69, routed)          0.169     0.310    RMM/end_of_mult
    SLICE_X3Y5           LUT4 (Prop_lut4_I0_O)        0.049     0.359 r  RMM/i[25]_i_1/O
                         net (fo=1, routed)           0.000     0.359    RMM/i[25]_i_1_n_0
    SLICE_X3Y5           FDCE                                         r  RMM/i_reg[25]/D
  -------------------------------------------------------------------    -------------------

Slack:                    inf
  Source:                 RMM/end_of_mult_reg/C
                            (rising edge-triggered cell FDCE)
  Destination:            RMM/i_reg[28]/D
  Path Group:             (none)
  Path Type:              Min at Fast Process Corner
  Data Path Delay:        0.395ns  (logic 0.186ns (47.074%)  route 0.209ns (52.926%))
  Logic Levels:           2  (FDCE=1 LUT4=1)

    Location             Delay type                Incr(ns)  Path(ns)    Netlist Resource(s)
  -------------------------------------------------------------------    -------------------
    SLICE_X4Y6           FDCE                         0.000     0.000 r  RMM/end_of_mult_reg/C
    SLICE_X4Y6           FDCE (Prop_fdce_C_Q)         0.141     0.141 f  RMM/end_of_mult_reg/Q
                         net (fo=69, routed)          0.209     0.350    RMM/end_of_mult
    SLICE_X3Y6           LUT4 (Prop_lut4_I0_O)        0.045     0.395 r  RMM/i[28]_i_1/O
                         net (fo=1, routed)           0.000     0.395    RMM/i[28]_i_1_n_0
    SLICE_X3Y6           FDCE                                         r  RMM/i_reg[28]/D
  -------------------------------------------------------------------    -------------------

Slack:                    inf
  Source:                 RMM/i_reg[0]/C
                            (rising edge-triggered cell FDPE)
  Destination:            RMM/i_reg[0]/D
  Path Group:             (none)
  Path Type:              Min at Fast Process Corner
  Data Path Delay:        0.399ns  (logic 0.186ns (46.667%)  route 0.213ns (53.333%))
  Logic Levels:           2  (FDPE=1 LUT4=1)

    Location             Delay type                Incr(ns)  Path(ns)    Netlist Resource(s)
  -------------------------------------------------------------------    -------------------
    SLICE_X3Y0           FDPE                         0.000     0.000 r  RMM/i_reg[0]/C
    SLICE_X3Y0           FDPE (Prop_fdpe_C_Q)         0.141     0.141 f  RMM/i_reg[0]/Q
                         net (fo=3, routed)           0.213     0.354    RMM/i_reg_n_0_[0]
    SLICE_X3Y0           LUT4 (Prop_lut4_I0_O)        0.045     0.399 r  RMM/i[0]_i_1/O
                         net (fo=1, routed)           0.000     0.399    RMM/i[0]_i_1_n_0
    SLICE_X3Y0           FDPE                                         r  RMM/i_reg[0]/D
  -------------------------------------------------------------------    -------------------

Slack:                    inf
  Source:                 RMM/end_of_mult_reg/C
                            (rising edge-triggered cell FDCE)
  Destination:            RMM/i_reg[29]/D
  Path Group:             (none)
  Path Type:              Min at Fast Process Corner
  Data Path Delay:        0.399ns  (logic 0.190ns (47.604%)  route 0.209ns (52.396%))
  Logic Levels:           2  (FDCE=1 LUT4=1)

    Location             Delay type                Incr(ns)  Path(ns)    Netlist Resource(s)
  -------------------------------------------------------------------    -------------------
    SLICE_X4Y6           FDCE                         0.000     0.000 r  RMM/end_of_mult_reg/C
    SLICE_X4Y6           FDCE (Prop_fdce_C_Q)         0.141     0.141 f  RMM/end_of_mult_reg/Q
                         net (fo=69, routed)          0.209     0.350    RMM/end_of_mult
    SLICE_X3Y6           LUT4 (Prop_lut4_I0_O)        0.049     0.399 r  RMM/i[29]_i_1/O
                         net (fo=1, routed)           0.000     0.399    RMM/i[29]_i_1_n_0
    SLICE_X3Y6           FDCE                                         r  RMM/i_reg[29]/D
  -------------------------------------------------------------------    -------------------

Slack:                    inf
  Source:                 RMM/first_cycle_reg/C
                            (rising edge-triggered cell FDPE)
  Destination:            RMM/i_reg[4]/D
  Path Group:             (none)
  Path Type:              Min at Fast Process Corner
  Data Path Delay:        0.401ns  (logic 0.186ns (46.342%)  route 0.215ns (53.658%))
  Logic Levels:           2  (FDPE=1 LUT4=1)

    Location             Delay type                Incr(ns)  Path(ns)    Netlist Resource(s)
  -------------------------------------------------------------------    -------------------
    SLICE_X4Y1           FDPE                         0.000     0.000 r  RMM/first_cycle_reg/C
    SLICE_X4Y1           FDPE (Prop_fdpe_C_Q)         0.141     0.141 f  RMM/first_cycle_reg/Q
                         net (fo=102, routed)         0.215     0.356    RMM/first_cycle
    SLICE_X3Y0           LUT4 (Prop_lut4_I3_O)        0.045     0.401 r  RMM/i[4]_i_1/O
                         net (fo=1, routed)           0.000     0.401    RMM/i[4]_i_1_n_0
    SLICE_X3Y0           FDCE                                         r  RMM/i_reg[4]/D
  -------------------------------------------------------------------    -------------------

Slack:                    inf
  Source:                 RMM/first_cycle_reg/C
                            (rising edge-triggered cell FDPE)
  Destination:            RMM/i_reg[5]/D
  Path Group:             (none)
  Path Type:              Min at Fast Process Corner
  Data Path Delay:        0.407ns  (logic 0.192ns (47.132%)  route 0.215ns (52.868%))
  Logic Levels:           2  (FDPE=1 LUT4=1)

    Location             Delay type                Incr(ns)  Path(ns)    Netlist Resource(s)
  -------------------------------------------------------------------    -------------------
    SLICE_X4Y1           FDPE                         0.000     0.000 r  RMM/first_cycle_reg/C
    SLICE_X4Y1           FDPE (Prop_fdpe_C_Q)         0.141     0.141 f  RMM/first_cycle_reg/Q
                         net (fo=102, routed)         0.215     0.356    RMM/first_cycle
    SLICE_X3Y0           LUT4 (Prop_lut4_I3_O)        0.051     0.407 r  RMM/i[5]_i_1/O
                         net (fo=1, routed)           0.000     0.407    RMM/i[5]_i_1_n_0
    SLICE_X3Y0           FDCE                                         r  RMM/i_reg[5]/D
  -------------------------------------------------------------------    -------------------

Slack:                    inf
  Source:                 RMM/end_of_mult_reg/C
                            (rising edge-triggered cell FDCE)
  Destination:            RMM/j_reg[26]/D
  Path Group:             (none)
  Path Type:              Min at Fast Process Corner
  Data Path Delay:        0.417ns  (logic 0.186ns (44.630%)  route 0.231ns (55.370%))
  Logic Levels:           2  (FDCE=1 LUT4=1)

    Location             Delay type                Incr(ns)  Path(ns)    Netlist Resource(s)
  -------------------------------------------------------------------    -------------------
    SLICE_X4Y6           FDCE                         0.000     0.000 r  RMM/end_of_mult_reg/C
    SLICE_X4Y6           FDCE (Prop_fdce_C_Q)         0.141     0.141 f  RMM/end_of_mult_reg/Q
                         net (fo=69, routed)          0.231     0.372    RMM/end_of_mult
    SLICE_X1Y6           LUT4 (Prop_lut4_I0_O)        0.045     0.417 r  RMM/j[26]_i_1/O
                         net (fo=1, routed)           0.000     0.417    RMM/j[26]_i_1_n_0
    SLICE_X1Y6           FDCE                                         r  RMM/j_reg[26]/D
  -------------------------------------------------------------------    -------------------

Slack:                    inf
  Source:                 RMM/end_of_mult_reg/C
                            (rising edge-triggered cell FDCE)
  Destination:            RMM/j_reg[28]/D
  Path Group:             (none)
  Path Type:              Min at Fast Process Corner
  Data Path Delay:        0.417ns  (logic 0.186ns (44.630%)  route 0.231ns (55.370%))
  Logic Levels:           2  (FDCE=1 LUT4=1)

    Location             Delay type                Incr(ns)  Path(ns)    Netlist Resource(s)
  -------------------------------------------------------------------    -------------------
    SLICE_X4Y6           FDCE                         0.000     0.000 r  RMM/end_of_mult_reg/C
    SLICE_X4Y6           FDCE (Prop_fdce_C_Q)         0.141     0.141 f  RMM/end_of_mult_reg/Q
                         net (fo=69, routed)          0.231     0.372    RMM/end_of_mult
    SLICE_X1Y6           LUT4 (Prop_lut4_I0_O)        0.045     0.417 r  RMM/j[28]_i_1/O
                         net (fo=1, routed)           0.000     0.417    RMM/j[28]_i_1_n_0
    SLICE_X1Y6           FDCE                                         r  RMM/j_reg[28]/D
  -------------------------------------------------------------------    -------------------





